/*C4*/SET SCHEMA PUBLIC
DISCONNECT
/*C5*/SET SCHEMA FACTURACION
INSERT INTO DOCUMENTOCOMERCIAL VALUES('Factura','402880ea7e70241a017e7026b2d60000',2022,'2022-01-18',10,'',2,NULL,206.91,35.91,21,1,FALSE,FALSE)
INSERT INTO DOCUMENTOCOMERCIAL_DETALLES VALUES('402880ea7e70241a017e7026b2d60000',9,1,19.00)
COMMIT
INSERT INTO DOCUMENTOCOMERCIAL VALUES('Pedido','402880ea7e70241a017e702753b20001',2022,'2022-01-18',10,'',2,NULL,418255.86,72589.86,21,1,FALSE,FALSE)
INSERT INTO DOCUMENTOCOMERCIAL_DETALLES VALUES('402880ea7e70241a017e702753b20001',1,45,345666.00)
COMMIT
DELETE FROM DOCUMENTOCOMERCIAL WHERE OID='402880ea7e70241a017e702753b20001'
INSERT INTO DOCUMENTOCOMERCIAL VALUES('Pedido','402880ea7e70241a017e702753b20001',2022,'2022-01-18',10,'',2,NULL,418255.86,72589.86,21,1,TRUE,FALSE)
DELETE FROM DOCUMENTOCOMERCIAL_DETALLES WHERE DOCUMENTOCOMERCIAL_OID='402880ea7e70241a017e702753b20001' AND CANTIDAD=1 AND PRODUCTO_NUMERO=45 AND PRECIOPORUNIDAD=345666.00
INSERT INTO DOCUMENTOCOMERCIAL_DETALLES VALUES('402880ea7e70241a017e702753b20001',1,45,345666.00)
COMMIT
DELETE FROM DOCUMENTOCOMERCIAL WHERE OID='402880ea7e70241a017e702753b20001'
INSERT INTO DOCUMENTOCOMERCIAL VALUES('Pedido','402880ea7e70241a017e702753b20001',2022,'2022-01-18',10,'',2,'402880ea7e70241a017e7026b2d60000',418255.86,72589.86,21,1,TRUE,FALSE)
COMMIT
DELETE FROM DOCUMENTOCOMERCIAL WHERE OID='402880ea7e70241a017e7026b2d60000'
INSERT INTO DOCUMENTOCOMERCIAL VALUES('Factura','402880ea7e70241a017e7026b2d60000',2022,'2022-01-18',10,'',2,NULL,418462.77,72625.77,21,1,FALSE,FALSE)
DELETE FROM DOCUMENTOCOMERCIAL_DETALLES WHERE DOCUMENTOCOMERCIAL_OID='402880ea7e70241a017e7026b2d60000' AND CANTIDAD=9 AND PRODUCTO_NUMERO=1 AND PRECIOPORUNIDAD=19.00
INSERT INTO DOCUMENTOCOMERCIAL_DETALLES VALUES('402880ea7e70241a017e7026b2d60000',9,1,19.00)
INSERT INTO DOCUMENTOCOMERCIAL_DETALLES VALUES('402880ea7e70241a017e7026b2d60000',1,45,345666.00)
COMMIT
DELETE FROM DOCUMENTOCOMERCIAL_DETALLES WHERE DOCUMENTOCOMERCIAL_OID='402880ea7e70241a017e7026b2d60000' AND CANTIDAD=9 AND PRODUCTO_NUMERO=1 AND PRECIOPORUNIDAD=19.00
DELETE FROM DOCUMENTOCOMERCIAL_DETALLES WHERE DOCUMENTOCOMERCIAL_OID='402880ea7e70241a017e7026b2d60000' AND CANTIDAD=1 AND PRODUCTO_NUMERO=45 AND PRECIOPORUNIDAD=345666.00
INSERT INTO DOCUMENTOCOMERCIAL_DETALLES VALUES('402880ea7e70241a017e7026b2d60000',9,1,19.00)
INSERT INTO DOCUMENTOCOMERCIAL_DETALLES VALUES('402880ea7e70241a017e7026b2d60000',1,45,345666.00)
COMMIT
INSERT INTO DOCUMENTOCOMERCIAL VALUES('Factura','402880ea7e70241a017e7029768d0002',2022,'2022-01-18',11,'',2,NULL,28246.24,4902.24,21,1,FALSE,FALSE)
INSERT INTO DOCUMENTOCOMERCIAL_DETALLES VALUES('402880ea7e70241a017e7029768d0002',1,67,23344.00)
COMMIT
INSERT INTO DOCUMENTOCOMERCIAL VALUES('Pedido','402880ea7e70241a017e702a07e60003',2022,'2022-01-18',11,'',9,NULL,56492.48,9804.48,21,1,FALSE,FALSE)
INSERT INTO DOCUMENTOCOMERCIAL_DETALLES VALUES('402880ea7e70241a017e702a07e60003',2,67,23344.00)
COMMIT
DELETE FROM DOCUMENTOCOMERCIAL WHERE OID='402880ea7e6b89af017e6b8c45430000'
INSERT INTO DOCUMENTOCOMERCIAL VALUES('Factura','402880ea7e6b89af017e6b8c45430000',2022,'2022-01-17',1,'',32,NULL,68.97,11.97,21,1,FALSE,TRUE)
DELETE FROM DOCUMENTOCOMERCIAL WHERE OID='402880ea7e6efd54017e6f00ad3f0001'
INSERT INTO DOCUMENTOCOMERCIAL VALUES('Factura','402880ea7e6efd54017e6f00ad3f0001',2022,'2022-01-18',2,'',32,NULL,68.97,11.97,21,1,FALSE,TRUE)
DELETE FROM DOCUMENTOCOMERCIAL WHERE OID='402880ea7e6efd54017e6f018c620002'
INSERT INTO DOCUMENTOCOMERCIAL VALUES('Factura','402880ea7e6efd54017e6f018c620002',2022,'2022-01-18',3,'',23,NULL,114.95,19.95,21,1,FALSE,TRUE)
DELETE FROM DOCUMENTOCOMERCIAL WHERE OID='402880ea7e6f7574017e6f77def70001'
INSERT INTO DOCUMENTOCOMERCIAL VALUES('Factura','402880ea7e6f7574017e6f77def70001',2022,'2022-01-18',4,'',32,NULL,367.84,63.84,21,1,FALSE,TRUE)
COMMIT
DELETE FROM DOCUMENTOCOMERCIAL WHERE OID='402880ea7e70241a017e702a07e60003'
INSERT INTO DOCUMENTOCOMERCIAL VALUES('Pedido','402880ea7e70241a017e702a07e60003',2022,'2022-01-18',11,'',9,NULL,56492.48,9804.48,21,1,TRUE,FALSE)
DELETE FROM DOCUMENTOCOMERCIAL_DETALLES WHERE DOCUMENTOCOMERCIAL_OID='402880ea7e70241a017e702a07e60003' AND CANTIDAD=2 AND PRODUCTO_NUMERO=67 AND PRECIOPORUNIDAD=23344.00
INSERT INTO DOCUMENTOCOMERCIAL_DETALLES VALUES('402880ea7e70241a017e702a07e60003',2,67,23344.00)
COMMIT
INSERT INTO DOCUMENTOCOMERCIAL VALUES('Pedido','402880ea7e70241a017e702b0fa00004',2022,'2022-01-18',12,'',2,NULL,68.97,11.97,21,1,FALSE,FALSE)
INSERT INTO DOCUMENTOCOMERCIAL_DETALLES VALUES('402880ea7e70241a017e702b0fa00004',3,1,19.00)
COMMIT
DELETE FROM DOCUMENTOCOMERCIAL WHERE OID='402880ea7e70241a017e702b0fa00004'
INSERT INTO DOCUMENTOCOMERCIAL VALUES('Pedido','402880ea7e70241a017e702b0fa00004',2022,'2022-01-18',12,'',2,NULL,68.97,11.97,21,1,TRUE,FALSE)
DELETE FROM DOCUMENTOCOMERCIAL_DETALLES WHERE DOCUMENTOCOMERCIAL_OID='402880ea7e70241a017e702b0fa00004' AND CANTIDAD=3 AND PRODUCTO_NUMERO=1 AND PRECIOPORUNIDAD=19.00
INSERT INTO DOCUMENTOCOMERCIAL_DETALLES VALUES('402880ea7e70241a017e702b0fa00004',3,1,19.00)
COMMIT
